<?xml version="1.0" encoding="UTF-8"?>
<testsuite name="zqProjectTestCase"
           tests="3"
           failures="0"
           errors="0"
           skipped="0"
           time="48.938">
  <properties />
  
  
            <testcase name="submitPushTestCase" time="17.970" classname="cn.lixing.zqProject.pushManage.TestCase.PushTestCase" />
                <testcase name="submitAllPushTestCase" time="7.600" classname="cn.lixing.zqProject.pushManage.TestCase.PushTestCase" />
                <testcase name="addPushTestCase" time="23.368" classname="cn.lixing.zqProject.pushManage.TestCase.PushTestCase" />
      
</testsuite>
