<?xml version="1.0" encoding="UTF-8"?>
<!-- Generated by org.testng.reporters.JUnitXMLReporter -->
<testsuite hostname="DESKTOP-P2M7SMI" name="Default test" tests="3" failures="0" timestamp="25 Jul 2018 13:38:22 GMT" time="67.767" errors="0">
  <testcase name="addPushTestCase" time="23.853" classname="cn.lixing.zqProject.pushManage.TestCase.PushTestCase"/>
  <testcase name="submitAllPushTestCase" time="7.5" classname="cn.lixing.zqProject.pushManage.TestCase.PushTestCase"/>
  <testcase name="submitPushTestCase" time="17.826" classname="cn.lixing.zqProject.pushManage.TestCase.PushTestCase"/>
</testsuite> <!-- Default test -->
